2020-12-23 09:32:29,799 INFO com.capgemini.Technologylearningandtrackingappsprint2.TechnologyLearningAndTrackingAppSprint2Application [restartedMain] Starting TechnologyLearningAndTrackingAppSprint2Application using Java 1.8.0_144 on DESKTOP-0QHGN6T with PID 8880 (C:\Users\user\git\Technology-learning-and-tracking-app-sprint2\target\classes started by user in C:\Users\user\git\Technology-learning-and-tracking-app-sprint2)
2020-12-23 09:32:29,851 DEBUG com.capgemini.Technologylearningandtrackingappsprint2.TechnologyLearningAndTrackingAppSprint2Application [restartedMain] Running with Spring Boot v2.4.1, Spring v5.3.2
2020-12-23 09:32:29,852 INFO com.capgemini.Technologylearningandtrackingappsprint2.TechnologyLearningAndTrackingAppSprint2Application [restartedMain] No active profile set, falling back to default profiles: default
2020-12-23 09:32:30,140 INFO org.springframework.boot.devtools.env.DevToolsPropertyDefaultsPostProcessor [restartedMain] Devtools property defaults active! Set 'spring.devtools.add-properties' to 'false' to disable
2020-12-23 09:32:30,141 INFO org.springframework.boot.devtools.env.DevToolsPropertyDefaultsPostProcessor [restartedMain] For additional web related logging consider setting the 'logging.level.web' property to 'DEBUG'
2020-12-23 09:32:36,749 INFO org.springframework.data.repository.config.RepositoryConfigurationDelegate [restartedMain] Bootstrapping Spring Data JPA repositories in DEFAULT mode.
2020-12-23 09:32:37,261 INFO org.springframework.data.repository.config.RepositoryConfigurationDelegate [restartedMain] Finished Spring Data repository scanning in 437 ms. Found 4 JPA repository interfaces.
2020-12-23 09:32:55,009 INFO org.springframework.boot.web.embedded.tomcat.TomcatWebServer [restartedMain] Tomcat initialized with port(s): 8081 (http)
2020-12-23 09:32:55,294 INFO org.apache.coyote.http11.Http11NioProtocol [restartedMain] Initializing ProtocolHandler ["http-nio-8081"]
2020-12-23 09:32:55,330 INFO org.apache.catalina.core.StandardService [restartedMain] Starting service [Tomcat]
2020-12-23 09:32:55,331 INFO org.apache.catalina.core.StandardEngine [restartedMain] Starting Servlet engine: [Apache Tomcat/9.0.41]
2020-12-23 09:32:55,398 INFO org.apache.catalina.core.AprLifecycleListener [restartedMain] Loaded Apache Tomcat Native library [1.2.25] using APR version [1.7.0].
2020-12-23 09:32:55,398 INFO org.apache.catalina.core.AprLifecycleListener [restartedMain] APR capabilities: IPv6 [true], sendfile [true], accept filters [false], random [true].
2020-12-23 09:32:55,399 INFO org.apache.catalina.core.AprLifecycleListener [restartedMain] APR/OpenSSL configuration: useAprConnector [false], useOpenSSL [true]
2020-12-23 09:32:56,098 INFO org.apache.catalina.core.AprLifecycleListener [restartedMain] OpenSSL successfully initialized [OpenSSL 1.1.1g  21 Apr 2020]
2020-12-23 09:32:57,168 INFO org.apache.catalina.core.ContainerBase.[Tomcat].[localhost].[/springfox] [restartedMain] Initializing Spring embedded WebApplicationContext
2020-12-23 09:32:57,168 INFO org.springframework.boot.web.servlet.context.ServletWebServerApplicationContext [restartedMain] Root WebApplicationContext: initialization completed in 27025 ms
2020-12-23 09:33:00,760 INFO org.hibernate.jpa.internal.util.LogHelper [restartedMain] HHH000204: Processing PersistenceUnitInfo [name: default]
2020-12-23 09:33:01,200 INFO org.hibernate.Version [restartedMain] HHH000412: Hibernate ORM core version 5.4.25.Final
2020-12-23 09:33:02,832 INFO org.hibernate.annotations.common.Version [restartedMain] HCANN000001: Hibernate Commons Annotations {5.1.2.Final}
2020-12-23 09:33:03,328 INFO com.zaxxer.hikari.HikariDataSource [restartedMain] HikariPool-1 - Starting...
2020-12-23 09:33:05,449 INFO com.zaxxer.hikari.HikariDataSource [restartedMain] HikariPool-1 - Start completed.
2020-12-23 09:33:05,586 INFO org.hibernate.dialect.Dialect [restartedMain] HHH000400: Using dialect: org.hibernate.dialect.PostgreSQL10Dialect
2020-12-23 09:33:13,196 INFO org.hibernate.engine.transaction.jta.platform.internal.JtaPlatformInitiator [restartedMain] HHH000490: Using JtaPlatform implementation: [org.hibernate.engine.transaction.jta.platform.internal.NoJtaPlatform]
2020-12-23 09:33:13,235 INFO org.springframework.orm.jpa.LocalContainerEntityManagerFactoryBean [restartedMain] Initialized JPA EntityManagerFactory for persistence unit 'default'
2020-12-23 09:33:13,285 INFO org.springframework.boot.devtools.autoconfigure.OptionalLiveReloadServer [restartedMain] LiveReload server is running on port 35729
2020-12-23 09:33:15,782 WARN org.springframework.boot.autoconfigure.orm.jpa.JpaBaseConfiguration$JpaWebConfiguration [restartedMain] spring.jpa.open-in-view is enabled by default. Therefore, database queries may be performed during view rendering. Explicitly configure spring.jpa.open-in-view to disable this warning
2020-12-23 09:33:16,442 INFO org.springframework.boot.actuate.endpoint.web.EndpointLinksResolver [restartedMain] Exposing 2 endpoint(s) beneath base path '/actuator'
2020-12-23 09:33:18,653 INFO org.apache.coyote.http11.Http11NioProtocol [restartedMain] Starting ProtocolHandler ["http-nio-8081"]
2020-12-23 09:33:18,802 INFO org.springframework.boot.web.embedded.tomcat.TomcatWebServer [restartedMain] Tomcat started on port(s): 8081 (http) with context path '/springfox'
2020-12-23 09:33:19,658 INFO com.capgemini.Technologylearningandtrackingappsprint2.TechnologyLearningAndTrackingAppSprint2Application [restartedMain] Started TechnologyLearningAndTrackingAppSprint2Application in 51.741 seconds (JVM running for 53.613)
2020-12-23 09:43:48,564 INFO com.capgemini.Technologylearningandtrackingappsprint2.TechnologyLearningAndTrackingAppSprint2Application [restartedMain] Starting TechnologyLearningAndTrackingAppSprint2Application using Java 1.8.0_144 on DESKTOP-0QHGN6T with PID 9032 (C:\Users\user\git\Technology-learning-and-tracking-app-sprint2\target\classes started by user in C:\Users\user\git\Technology-learning-and-tracking-app-sprint2)
2020-12-23 09:43:48,569 DEBUG com.capgemini.Technologylearningandtrackingappsprint2.TechnologyLearningAndTrackingAppSprint2Application [restartedMain] Running with Spring Boot v2.4.1, Spring v5.3.2
2020-12-23 09:43:48,570 INFO com.capgemini.Technologylearningandtrackingappsprint2.TechnologyLearningAndTrackingAppSprint2Application [restartedMain] No active profile set, falling back to default profiles: default
2020-12-23 09:43:48,804 INFO org.springframework.boot.devtools.env.DevToolsPropertyDefaultsPostProcessor [restartedMain] Devtools property defaults active! Set 'spring.devtools.add-properties' to 'false' to disable
2020-12-23 09:43:48,804 INFO org.springframework.boot.devtools.env.DevToolsPropertyDefaultsPostProcessor [restartedMain] For additional web related logging consider setting the 'logging.level.web' property to 'DEBUG'
2020-12-23 09:43:51,287 INFO org.springframework.data.repository.config.RepositoryConfigurationDelegate [restartedMain] Bootstrapping Spring Data JPA repositories in DEFAULT mode.
2020-12-23 09:43:51,506 INFO org.springframework.data.repository.config.RepositoryConfigurationDelegate [restartedMain] Finished Spring Data repository scanning in 193 ms. Found 4 JPA repository interfaces.
2020-12-23 09:43:56,521 INFO org.springframework.boot.web.embedded.tomcat.TomcatWebServer [restartedMain] Tomcat initialized with port(s): 8081 (http)
2020-12-23 09:43:56,550 INFO org.apache.coyote.http11.Http11NioProtocol [restartedMain] Initializing ProtocolHandler ["http-nio-8081"]
2020-12-23 09:43:56,551 INFO org.apache.catalina.core.StandardService [restartedMain] Starting service [Tomcat]
2020-12-23 09:43:56,551 INFO org.apache.catalina.core.StandardEngine [restartedMain] Starting Servlet engine: [Apache Tomcat/9.0.41]
2020-12-23 09:43:56,558 INFO org.apache.catalina.core.AprLifecycleListener [restartedMain] Loaded Apache Tomcat Native library [1.2.25] using APR version [1.7.0].
2020-12-23 09:43:56,560 INFO org.apache.catalina.core.AprLifecycleListener [restartedMain] APR capabilities: IPv6 [true], sendfile [true], accept filters [false], random [true].
2020-12-23 09:43:56,560 INFO org.apache.catalina.core.AprLifecycleListener [restartedMain] APR/OpenSSL configuration: useAprConnector [false], useOpenSSL [true]
2020-12-23 09:43:56,570 INFO org.apache.catalina.core.AprLifecycleListener [restartedMain] OpenSSL successfully initialized [OpenSSL 1.1.1g  21 Apr 2020]
2020-12-23 09:43:56,910 INFO org.apache.catalina.core.ContainerBase.[Tomcat].[localhost].[/springfox] [restartedMain] Initializing Spring embedded WebApplicationContext
2020-12-23 09:43:56,911 INFO org.springframework.boot.web.servlet.context.ServletWebServerApplicationContext [restartedMain] Root WebApplicationContext: initialization completed in 8106 ms
2020-12-23 09:43:57,943 INFO org.hibernate.jpa.internal.util.LogHelper [restartedMain] HHH000204: Processing PersistenceUnitInfo [name: default]
2020-12-23 09:43:58,133 INFO org.hibernate.Version [restartedMain] HHH000412: Hibernate ORM core version 5.4.25.Final
2020-12-23 09:43:58,493 INFO org.hibernate.annotations.common.Version [restartedMain] HCANN000001: Hibernate Commons Annotations {5.1.2.Final}
2020-12-23 09:43:58,929 INFO com.zaxxer.hikari.HikariDataSource [restartedMain] HikariPool-1 - Starting...
2020-12-23 09:44:00,513 INFO com.zaxxer.hikari.HikariDataSource [restartedMain] HikariPool-1 - Start completed.
2020-12-23 09:44:00,802 INFO org.hibernate.dialect.Dialect [restartedMain] HHH000400: Using dialect: org.hibernate.dialect.PostgreSQL10Dialect
2020-12-23 09:44:05,773 INFO org.hibernate.engine.transaction.jta.platform.internal.JtaPlatformInitiator [restartedMain] HHH000490: Using JtaPlatform implementation: [org.hibernate.engine.transaction.jta.platform.internal.NoJtaPlatform]
2020-12-23 09:44:05,918 INFO org.springframework.orm.jpa.LocalContainerEntityManagerFactoryBean [restartedMain] Initialized JPA EntityManagerFactory for persistence unit 'default'
2020-12-23 09:44:05,999 INFO org.springframework.boot.devtools.autoconfigure.OptionalLiveReloadServer [restartedMain] LiveReload server is running on port 35729
2020-12-23 09:44:09,420 WARN org.springframework.boot.autoconfigure.orm.jpa.JpaBaseConfiguration$JpaWebConfiguration [restartedMain] spring.jpa.open-in-view is enabled by default. Therefore, database queries may be performed during view rendering. Explicitly configure spring.jpa.open-in-view to disable this warning
2020-12-23 09:44:10,318 INFO org.springframework.boot.actuate.endpoint.web.EndpointLinksResolver [restartedMain] Exposing 2 endpoint(s) beneath base path '/actuator'
2020-12-23 09:44:11,716 INFO org.apache.coyote.http11.Http11NioProtocol [restartedMain] Starting ProtocolHandler ["http-nio-8081"]
2020-12-23 09:44:11,876 INFO org.springframework.boot.web.embedded.tomcat.TomcatWebServer [restartedMain] Tomcat started on port(s): 8081 (http) with context path '/springfox'
2020-12-23 09:44:12,919 INFO com.capgemini.Technologylearningandtrackingappsprint2.TechnologyLearningAndTrackingAppSprint2Application [restartedMain] Started TechnologyLearningAndTrackingAppSprint2Application in 25.359 seconds (JVM running for 26.756)
2020-12-23 09:44:48,976 INFO org.apache.catalina.core.ContainerBase.[Tomcat].[localhost].[/springfox] [http-nio-8081-exec-1] Initializing Spring DispatcherServlet 'dispatcherServlet'
2020-12-23 09:44:48,977 INFO org.springframework.web.servlet.DispatcherServlet [http-nio-8081-exec-1] Initializing Servlet 'dispatcherServlet'
2020-12-23 09:44:48,981 INFO org.springframework.web.servlet.DispatcherServlet [http-nio-8081-exec-1] Completed initialization in 3 ms
2020-12-23 09:53:59,880 INFO com.capgemini.Technologylearningandtrackingappsprint2.TechnologyLearningAndTrackingAppSprint2Application [restartedMain] Starting TechnologyLearningAndTrackingAppSprint2Application using Java 1.8.0_144 on DESKTOP-0QHGN6T with PID 10064 (C:\Users\user\git\Technology-learning-and-tracking-app-sprint2\target\classes started by user in C:\Users\user\git\Technology-learning-and-tracking-app-sprint2)
2020-12-23 09:53:59,888 DEBUG com.capgemini.Technologylearningandtrackingappsprint2.TechnologyLearningAndTrackingAppSprint2Application [restartedMain] Running with Spring Boot v2.4.1, Spring v5.3.2
2020-12-23 09:53:59,889 INFO com.capgemini.Technologylearningandtrackingappsprint2.TechnologyLearningAndTrackingAppSprint2Application [restartedMain] No active profile set, falling back to default profiles: default
2020-12-23 09:54:00,247 INFO org.springframework.boot.devtools.env.DevToolsPropertyDefaultsPostProcessor [restartedMain] Devtools property defaults active! Set 'spring.devtools.add-properties' to 'false' to disable
2020-12-23 09:54:00,248 INFO org.springframework.boot.devtools.env.DevToolsPropertyDefaultsPostProcessor [restartedMain] For additional web related logging consider setting the 'logging.level.web' property to 'DEBUG'
2020-12-23 09:54:03,389 INFO org.springframework.data.repository.config.RepositoryConfigurationDelegate [restartedMain] Bootstrapping Spring Data JPA repositories in DEFAULT mode.
2020-12-23 09:54:03,573 INFO org.springframework.data.repository.config.RepositoryConfigurationDelegate [restartedMain] Finished Spring Data repository scanning in 160 ms. Found 4 JPA repository interfaces.
2020-12-23 09:54:06,517 INFO org.springframework.boot.web.embedded.tomcat.TomcatWebServer [restartedMain] Tomcat initialized with port(s): 8081 (http)
2020-12-23 09:54:06,541 INFO org.apache.coyote.http11.Http11NioProtocol [restartedMain] Initializing ProtocolHandler ["http-nio-8081"]
2020-12-23 09:54:06,542 INFO org.apache.catalina.core.StandardService [restartedMain] Starting service [Tomcat]
2020-12-23 09:54:06,543 INFO org.apache.catalina.core.StandardEngine [restartedMain] Starting Servlet engine: [Apache Tomcat/9.0.41]
2020-12-23 09:54:06,551 INFO org.apache.catalina.core.AprLifecycleListener [restartedMain] Loaded Apache Tomcat Native library [1.2.25] using APR version [1.7.0].
2020-12-23 09:54:06,551 INFO org.apache.catalina.core.AprLifecycleListener [restartedMain] APR capabilities: IPv6 [true], sendfile [true], accept filters [false], random [true].
2020-12-23 09:54:06,552 INFO org.apache.catalina.core.AprLifecycleListener [restartedMain] APR/OpenSSL configuration: useAprConnector [false], useOpenSSL [true]
2020-12-23 09:54:06,559 INFO org.apache.catalina.core.AprLifecycleListener [restartedMain] OpenSSL successfully initialized [OpenSSL 1.1.1g  21 Apr 2020]
2020-12-23 09:54:06,935 INFO org.apache.catalina.core.ContainerBase.[Tomcat].[localhost].[/springfox] [restartedMain] Initializing Spring embedded WebApplicationContext
2020-12-23 09:54:06,936 INFO org.springframework.boot.web.servlet.context.ServletWebServerApplicationContext [restartedMain] Root WebApplicationContext: initialization completed in 6687 ms
2020-12-23 09:54:08,060 INFO org.hibernate.jpa.internal.util.LogHelper [restartedMain] HHH000204: Processing PersistenceUnitInfo [name: default]
2020-12-23 09:54:08,187 INFO org.hibernate.Version [restartedMain] HHH000412: Hibernate ORM core version 5.4.25.Final
2020-12-23 09:54:08,489 INFO org.hibernate.annotations.common.Version [restartedMain] HCANN000001: Hibernate Commons Annotations {5.1.2.Final}
2020-12-23 09:54:08,688 INFO com.zaxxer.hikari.HikariDataSource [restartedMain] HikariPool-1 - Starting...
2020-12-23 09:54:09,573 INFO com.zaxxer.hikari.HikariDataSource [restartedMain] HikariPool-1 - Start completed.
2020-12-23 09:54:09,686 INFO org.hibernate.dialect.Dialect [restartedMain] HHH000400: Using dialect: org.hibernate.dialect.PostgreSQL10Dialect
2020-12-23 09:54:13,175 INFO org.hibernate.engine.transaction.jta.platform.internal.JtaPlatformInitiator [restartedMain] HHH000490: Using JtaPlatform implementation: [org.hibernate.engine.transaction.jta.platform.internal.NoJtaPlatform]
2020-12-23 09:54:13,191 INFO org.springframework.orm.jpa.LocalContainerEntityManagerFactoryBean [restartedMain] Initialized JPA EntityManagerFactory for persistence unit 'default'
2020-12-23 09:54:13,261 INFO org.springframework.boot.devtools.autoconfigure.OptionalLiveReloadServer [restartedMain] LiveReload server is running on port 35729
2020-12-23 09:54:15,412 WARN org.springframework.boot.autoconfigure.orm.jpa.JpaBaseConfiguration$JpaWebConfiguration [restartedMain] spring.jpa.open-in-view is enabled by default. Therefore, database queries may be performed during view rendering. Explicitly configure spring.jpa.open-in-view to disable this warning
2020-12-23 09:54:16,057 INFO org.springframework.boot.actuate.endpoint.web.EndpointLinksResolver [restartedMain] Exposing 2 endpoint(s) beneath base path '/actuator'
2020-12-23 09:54:17,169 INFO org.apache.coyote.http11.Http11NioProtocol [restartedMain] Starting ProtocolHandler ["http-nio-8081"]
2020-12-23 09:54:17,300 INFO org.springframework.boot.web.embedded.tomcat.TomcatWebServer [restartedMain] Tomcat started on port(s): 8081 (http) with context path '/springfox'
2020-12-23 09:54:18,458 INFO com.capgemini.Technologylearningandtrackingappsprint2.TechnologyLearningAndTrackingAppSprint2Application [restartedMain] Started TechnologyLearningAndTrackingAppSprint2Application in 19.491 seconds (JVM running for 20.762)
2020-12-23 09:54:29,153 INFO org.apache.catalina.core.ContainerBase.[Tomcat].[localhost].[/springfox] [http-nio-8081-exec-1] Initializing Spring DispatcherServlet 'dispatcherServlet'
2020-12-23 09:54:29,153 INFO org.springframework.web.servlet.DispatcherServlet [http-nio-8081-exec-1] Initializing Servlet 'dispatcherServlet'
2020-12-23 09:54:29,158 INFO org.springframework.web.servlet.DispatcherServlet [http-nio-8081-exec-1] Completed initialization in 4 ms
2020-12-23 09:54:29,209 WARN org.springframework.web.servlet.PageNotFound [http-nio-8081-exec-1] No mapping for POST /springfox/api/getLearningActivity/1
2020-12-23 09:54:36,692 WARN org.springframework.web.servlet.PageNotFound [http-nio-8081-exec-3] No mapping for GET /springfox/api/getLearningActivity/1
2020-12-23 09:56:59,451 INFO com.capgemini.Technologylearningandtrackingappsprint2.TechnologyLearningAndTrackingAppSprint2Application [restartedMain] Starting TechnologyLearningAndTrackingAppSprint2Application using Java 1.8.0_144 on DESKTOP-0QHGN6T with PID 748 (C:\Users\user\git\Technology-learning-and-tracking-app-sprint2\target\classes started by user in C:\Users\user\git\Technology-learning-and-tracking-app-sprint2)
2020-12-23 09:56:59,457 DEBUG com.capgemini.Technologylearningandtrackingappsprint2.TechnologyLearningAndTrackingAppSprint2Application [restartedMain] Running with Spring Boot v2.4.1, Spring v5.3.2
2020-12-23 09:56:59,458 INFO com.capgemini.Technologylearningandtrackingappsprint2.TechnologyLearningAndTrackingAppSprint2Application [restartedMain] No active profile set, falling back to default profiles: default
2020-12-23 09:56:59,766 INFO org.springframework.boot.devtools.env.DevToolsPropertyDefaultsPostProcessor [restartedMain] Devtools property defaults active! Set 'spring.devtools.add-properties' to 'false' to disable
2020-12-23 09:56:59,767 INFO org.springframework.boot.devtools.env.DevToolsPropertyDefaultsPostProcessor [restartedMain] For additional web related logging consider setting the 'logging.level.web' property to 'DEBUG'
2020-12-23 09:57:02,490 INFO org.springframework.data.repository.config.RepositoryConfigurationDelegate [restartedMain] Bootstrapping Spring Data JPA repositories in DEFAULT mode.
2020-12-23 09:57:03,610 INFO org.springframework.data.repository.config.RepositoryConfigurationDelegate [restartedMain] Finished Spring Data repository scanning in 117 ms. Found 4 JPA repository interfaces.
2020-12-23 09:57:08,128 INFO org.springframework.boot.web.embedded.tomcat.TomcatWebServer [restartedMain] Tomcat initialized with port(s): 8081 (http)
2020-12-23 09:57:08,193 INFO org.apache.coyote.http11.Http11NioProtocol [restartedMain] Initializing ProtocolHandler ["http-nio-8081"]
2020-12-23 09:57:08,195 INFO org.apache.catalina.core.StandardService [restartedMain] Starting service [Tomcat]
2020-12-23 09:57:08,197 INFO org.apache.catalina.core.StandardEngine [restartedMain] Starting Servlet engine: [Apache Tomcat/9.0.41]
2020-12-23 09:57:08,213 INFO org.apache.catalina.core.AprLifecycleListener [restartedMain] Loaded Apache Tomcat Native library [1.2.25] using APR version [1.7.0].
2020-12-23 09:57:08,214 INFO org.apache.catalina.core.AprLifecycleListener [restartedMain] APR capabilities: IPv6 [true], sendfile [true], accept filters [false], random [true].
2020-12-23 09:57:08,215 INFO org.apache.catalina.core.AprLifecycleListener [restartedMain] APR/OpenSSL configuration: useAprConnector [false], useOpenSSL [true]
2020-12-23 09:57:08,222 INFO org.apache.catalina.core.AprLifecycleListener [restartedMain] OpenSSL successfully initialized [OpenSSL 1.1.1g  21 Apr 2020]
2020-12-23 09:57:08,854 INFO org.apache.catalina.core.ContainerBase.[Tomcat].[localhost].[/springfox] [restartedMain] Initializing Spring embedded WebApplicationContext
2020-12-23 09:57:08,855 INFO org.springframework.boot.web.servlet.context.ServletWebServerApplicationContext [restartedMain] Root WebApplicationContext: initialization completed in 9086 ms
2020-12-23 09:57:10,031 INFO org.hibernate.jpa.internal.util.LogHelper [restartedMain] HHH000204: Processing PersistenceUnitInfo [name: default]
2020-12-23 09:57:10,212 INFO org.hibernate.Version [restartedMain] HHH000412: Hibernate ORM core version 5.4.25.Final
2020-12-23 09:57:10,613 INFO org.hibernate.annotations.common.Version [restartedMain] HCANN000001: Hibernate Commons Annotations {5.1.2.Final}
2020-12-23 09:57:10,866 INFO com.zaxxer.hikari.HikariDataSource [restartedMain] HikariPool-1 - Starting...
2020-12-23 09:57:12,110 INFO com.zaxxer.hikari.HikariDataSource [restartedMain] HikariPool-1 - Start completed.
2020-12-23 09:57:12,264 INFO org.hibernate.dialect.Dialect [restartedMain] HHH000400: Using dialect: org.hibernate.dialect.PostgreSQL10Dialect
2020-12-23 09:57:17,236 INFO org.hibernate.engine.transaction.jta.platform.internal.JtaPlatformInitiator [restartedMain] HHH000490: Using JtaPlatform implementation: [org.hibernate.engine.transaction.jta.platform.internal.NoJtaPlatform]
2020-12-23 09:57:17,255 INFO org.springframework.orm.jpa.LocalContainerEntityManagerFactoryBean [restartedMain] Initialized JPA EntityManagerFactory for persistence unit 'default'
2020-12-23 09:57:17,304 INFO org.springframework.boot.devtools.autoconfigure.OptionalLiveReloadServer [restartedMain] LiveReload server is running on port 35729
2020-12-23 09:57:19,701 WARN org.springframework.boot.autoconfigure.orm.jpa.JpaBaseConfiguration$JpaWebConfiguration [restartedMain] spring.jpa.open-in-view is enabled by default. Therefore, database queries may be performed during view rendering. Explicitly configure spring.jpa.open-in-view to disable this warning
2020-12-23 09:57:20,314 INFO org.springframework.boot.actuate.endpoint.web.EndpointLinksResolver [restartedMain] Exposing 2 endpoint(s) beneath base path '/actuator'
2020-12-23 09:57:21,455 INFO org.apache.coyote.http11.Http11NioProtocol [restartedMain] Starting ProtocolHandler ["http-nio-8081"]
2020-12-23 09:57:21,521 INFO org.springframework.boot.web.embedded.tomcat.TomcatWebServer [restartedMain] Tomcat started on port(s): 8081 (http) with context path '/springfox'
2020-12-23 09:57:22,486 INFO com.capgemini.Technologylearningandtrackingappsprint2.TechnologyLearningAndTrackingAppSprint2Application [restartedMain] Started TechnologyLearningAndTrackingAppSprint2Application in 24.151 seconds (JVM running for 25.456)
2020-12-23 10:04:09,747 INFO com.capgemini.Technologylearningandtrackingappsprint2.TechnologyLearningAndTrackingAppSprint2Application [restartedMain] Starting TechnologyLearningAndTrackingAppSprint2Application using Java 1.8.0_144 on DESKTOP-0QHGN6T with PID 8608 (C:\Users\user\git\Technology-learning-and-tracking-app-sprint2\target\classes started by user in C:\Users\user\git\Technology-learning-and-tracking-app-sprint2)
2020-12-23 10:04:09,750 DEBUG com.capgemini.Technologylearningandtrackingappsprint2.TechnologyLearningAndTrackingAppSprint2Application [restartedMain] Running with Spring Boot v2.4.1, Spring v5.3.2
2020-12-23 10:04:09,751 INFO com.capgemini.Technologylearningandtrackingappsprint2.TechnologyLearningAndTrackingAppSprint2Application [restartedMain] No active profile set, falling back to default profiles: default
2020-12-23 10:04:09,910 INFO org.springframework.boot.devtools.env.DevToolsPropertyDefaultsPostProcessor [restartedMain] Devtools property defaults active! Set 'spring.devtools.add-properties' to 'false' to disable
2020-12-23 10:04:09,911 INFO org.springframework.boot.devtools.env.DevToolsPropertyDefaultsPostProcessor [restartedMain] For additional web related logging consider setting the 'logging.level.web' property to 'DEBUG'
2020-12-23 10:04:12,189 INFO org.springframework.data.repository.config.RepositoryConfigurationDelegate [restartedMain] Bootstrapping Spring Data JPA repositories in DEFAULT mode.
2020-12-23 10:04:12,387 INFO org.springframework.data.repository.config.RepositoryConfigurationDelegate [restartedMain] Finished Spring Data repository scanning in 164 ms. Found 4 JPA repository interfaces.
2020-12-23 10:04:15,805 INFO org.springframework.boot.web.embedded.tomcat.TomcatWebServer [restartedMain] Tomcat initialized with port(s): 8081 (http)
2020-12-23 10:04:15,831 INFO org.apache.coyote.http11.Http11NioProtocol [restartedMain] Initializing ProtocolHandler ["http-nio-8081"]
2020-12-23 10:04:15,831 INFO org.apache.catalina.core.StandardService [restartedMain] Starting service [Tomcat]
2020-12-23 10:04:15,832 INFO org.apache.catalina.core.StandardEngine [restartedMain] Starting Servlet engine: [Apache Tomcat/9.0.41]
2020-12-23 10:04:15,837 INFO org.apache.catalina.core.AprLifecycleListener [restartedMain] Loaded Apache Tomcat Native library [1.2.25] using APR version [1.7.0].
2020-12-23 10:04:15,838 INFO org.apache.catalina.core.AprLifecycleListener [restartedMain] APR capabilities: IPv6 [true], sendfile [true], accept filters [false], random [true].
2020-12-23 10:04:15,838 INFO org.apache.catalina.core.AprLifecycleListener [restartedMain] APR/OpenSSL configuration: useAprConnector [false], useOpenSSL [true]
2020-12-23 10:04:15,843 INFO org.apache.catalina.core.AprLifecycleListener [restartedMain] OpenSSL successfully initialized [OpenSSL 1.1.1g  21 Apr 2020]
2020-12-23 10:04:16,392 INFO org.apache.catalina.core.ContainerBase.[Tomcat].[localhost].[/springfox] [restartedMain] Initializing Spring embedded WebApplicationContext
2020-12-23 10:04:16,392 INFO org.springframework.boot.web.servlet.context.ServletWebServerApplicationContext [restartedMain] Root WebApplicationContext: initialization completed in 6480 ms
2020-12-23 10:04:18,282 INFO org.hibernate.jpa.internal.util.LogHelper [restartedMain] HHH000204: Processing PersistenceUnitInfo [name: default]
2020-12-23 10:04:18,922 INFO org.hibernate.Version [restartedMain] HHH000412: Hibernate ORM core version 5.4.25.Final
2020-12-23 10:04:19,472 INFO org.hibernate.annotations.common.Version [restartedMain] HCANN000001: Hibernate Commons Annotations {5.1.2.Final}
2020-12-23 10:04:19,902 INFO com.zaxxer.hikari.HikariDataSource [restartedMain] HikariPool-1 - Starting...
2020-12-23 10:04:21,436 INFO com.zaxxer.hikari.HikariDataSource [restartedMain] HikariPool-1 - Start completed.
2020-12-23 10:04:21,730 INFO org.hibernate.dialect.Dialect [restartedMain] HHH000400: Using dialect: org.hibernate.dialect.PostgreSQL10Dialect
2020-12-23 10:04:27,865 INFO org.hibernate.engine.transaction.jta.platform.internal.JtaPlatformInitiator [restartedMain] HHH000490: Using JtaPlatform implementation: [org.hibernate.engine.transaction.jta.platform.internal.NoJtaPlatform]
2020-12-23 10:04:28,022 INFO org.springframework.orm.jpa.LocalContainerEntityManagerFactoryBean [restartedMain] Initialized JPA EntityManagerFactory for persistence unit 'default'
2020-12-23 10:04:28,198 INFO org.springframework.boot.devtools.autoconfigure.OptionalLiveReloadServer [restartedMain] LiveReload server is running on port 35729
2020-12-23 10:04:32,290 WARN org.springframework.boot.autoconfigure.orm.jpa.JpaBaseConfiguration$JpaWebConfiguration [restartedMain] spring.jpa.open-in-view is enabled by default. Therefore, database queries may be performed during view rendering. Explicitly configure spring.jpa.open-in-view to disable this warning
2020-12-23 10:04:33,730 INFO org.springframework.boot.actuate.endpoint.web.EndpointLinksResolver [restartedMain] Exposing 2 endpoint(s) beneath base path '/actuator'
2020-12-23 10:04:37,017 INFO org.apache.coyote.http11.Http11NioProtocol [restartedMain] Starting ProtocolHandler ["http-nio-8081"]
2020-12-23 10:04:37,421 INFO org.springframework.boot.web.embedded.tomcat.TomcatWebServer [restartedMain] Tomcat started on port(s): 8081 (http) with context path '/springfox'
2020-12-23 10:04:38,611 INFO com.capgemini.Technologylearningandtrackingappsprint2.TechnologyLearningAndTrackingAppSprint2Application [restartedMain] Started TechnologyLearningAndTrackingAppSprint2Application in 29.868 seconds (JVM running for 31.183)
2020-12-23 10:08:55,552 INFO com.capgemini.Technologylearningandtrackingappsprint2.TechnologyLearningAndTrackingAppSprint2Application [restartedMain] Starting TechnologyLearningAndTrackingAppSprint2Application using Java 1.8.0_144 on DESKTOP-0QHGN6T with PID 9792 (C:\Users\user\git\Technology-learning-and-tracking-app-sprint2\target\classes started by user in C:\Users\user\git\Technology-learning-and-tracking-app-sprint2)
2020-12-23 10:08:55,559 DEBUG com.capgemini.Technologylearningandtrackingappsprint2.TechnologyLearningAndTrackingAppSprint2Application [restartedMain] Running with Spring Boot v2.4.1, Spring v5.3.2
2020-12-23 10:08:55,560 INFO com.capgemini.Technologylearningandtrackingappsprint2.TechnologyLearningAndTrackingAppSprint2Application [restartedMain] No active profile set, falling back to default profiles: default
2020-12-23 10:08:55,740 INFO org.springframework.boot.devtools.env.DevToolsPropertyDefaultsPostProcessor [restartedMain] Devtools property defaults active! Set 'spring.devtools.add-properties' to 'false' to disable
2020-12-23 10:08:55,740 INFO org.springframework.boot.devtools.env.DevToolsPropertyDefaultsPostProcessor [restartedMain] For additional web related logging consider setting the 'logging.level.web' property to 'DEBUG'
2020-12-23 10:08:57,866 INFO org.springframework.data.repository.config.RepositoryConfigurationDelegate [restartedMain] Bootstrapping Spring Data JPA repositories in DEFAULT mode.
2020-12-23 10:08:58,036 INFO org.springframework.data.repository.config.RepositoryConfigurationDelegate [restartedMain] Finished Spring Data repository scanning in 143 ms. Found 4 JPA repository interfaces.
2020-12-23 10:09:00,867 INFO org.springframework.boot.web.embedded.tomcat.TomcatWebServer [restartedMain] Tomcat initialized with port(s): 8081 (http)
2020-12-23 10:09:00,894 INFO org.apache.coyote.http11.Http11NioProtocol [restartedMain] Initializing ProtocolHandler ["http-nio-8081"]
2020-12-23 10:09:00,895 INFO org.apache.catalina.core.StandardService [restartedMain] Starting service [Tomcat]
2020-12-23 10:09:00,895 INFO org.apache.catalina.core.StandardEngine [restartedMain] Starting Servlet engine: [Apache Tomcat/9.0.41]
2020-12-23 10:09:00,900 INFO org.apache.catalina.core.AprLifecycleListener [restartedMain] Loaded Apache Tomcat Native library [1.2.25] using APR version [1.7.0].
2020-12-23 10:09:00,900 INFO org.apache.catalina.core.AprLifecycleListener [restartedMain] APR capabilities: IPv6 [true], sendfile [true], accept filters [false], random [true].
2020-12-23 10:09:00,901 INFO org.apache.catalina.core.AprLifecycleListener [restartedMain] APR/OpenSSL configuration: useAprConnector [false], useOpenSSL [true]
2020-12-23 10:09:00,907 INFO org.apache.catalina.core.AprLifecycleListener [restartedMain] OpenSSL successfully initialized [OpenSSL 1.1.1g  21 Apr 2020]
2020-12-23 10:09:01,276 INFO org.apache.catalina.core.ContainerBase.[Tomcat].[localhost].[/springfox] [restartedMain] Initializing Spring embedded WebApplicationContext
2020-12-23 10:09:01,277 INFO org.springframework.boot.web.servlet.context.ServletWebServerApplicationContext [restartedMain] Root WebApplicationContext: initialization completed in 5536 ms
2020-12-23 10:09:02,206 INFO org.hibernate.jpa.internal.util.LogHelper [restartedMain] HHH000204: Processing PersistenceUnitInfo [name: default]
2020-12-23 10:09:02,387 INFO org.hibernate.Version [restartedMain] HHH000412: Hibernate ORM core version 5.4.25.Final
2020-12-23 10:09:02,697 INFO org.hibernate.annotations.common.Version [restartedMain] HCANN000001: Hibernate Commons Annotations {5.1.2.Final}
2020-12-23 10:09:02,987 INFO com.zaxxer.hikari.HikariDataSource [restartedMain] HikariPool-1 - Starting...
2020-12-23 10:09:04,247 INFO com.zaxxer.hikari.HikariDataSource [restartedMain] HikariPool-1 - Start completed.
2020-12-23 10:09:04,418 INFO org.hibernate.dialect.Dialect [restartedMain] HHH000400: Using dialect: org.hibernate.dialect.PostgreSQL10Dialect
2020-12-23 10:09:08,322 INFO org.hibernate.engine.transaction.jta.platform.internal.JtaPlatformInitiator [restartedMain] HHH000490: Using JtaPlatform implementation: [org.hibernate.engine.transaction.jta.platform.internal.NoJtaPlatform]
2020-12-23 10:09:08,347 INFO org.springframework.orm.jpa.LocalContainerEntityManagerFactoryBean [restartedMain] Initialized JPA EntityManagerFactory for persistence unit 'default'
2020-12-23 10:09:08,410 INFO org.springframework.boot.devtools.autoconfigure.OptionalLiveReloadServer [restartedMain] LiveReload server is running on port 35729
2020-12-23 10:09:10,569 WARN org.springframework.boot.autoconfigure.orm.jpa.JpaBaseConfiguration$JpaWebConfiguration [restartedMain] spring.jpa.open-in-view is enabled by default. Therefore, database queries may be performed during view rendering. Explicitly configure spring.jpa.open-in-view to disable this warning
2020-12-23 10:09:11,063 INFO org.springframework.boot.actuate.endpoint.web.EndpointLinksResolver [restartedMain] Exposing 2 endpoint(s) beneath base path '/actuator'
2020-12-23 10:09:12,114 INFO org.apache.coyote.http11.Http11NioProtocol [restartedMain] Starting ProtocolHandler ["http-nio-8081"]
2020-12-23 10:09:12,155 INFO org.springframework.boot.web.embedded.tomcat.TomcatWebServer [restartedMain] Tomcat started on port(s): 8081 (http) with context path '/springfox'
2020-12-23 10:09:12,837 INFO com.capgemini.Technologylearningandtrackingappsprint2.TechnologyLearningAndTrackingAppSprint2Application [restartedMain] Started TechnologyLearningAndTrackingAppSprint2Application in 18.036 seconds (JVM running for 19.169)
2020-12-23 10:15:26,552 INFO com.capgemini.Technologylearningandtrackingappsprint2.TechnologyLearningAndTrackingAppSprint2Application [restartedMain] Starting TechnologyLearningAndTrackingAppSprint2Application using Java 1.8.0_144 on DESKTOP-0QHGN6T with PID 6356 (C:\Users\user\git\Technology-learning-and-tracking-app-sprint2\target\classes started by user in C:\Users\user\git\Technology-learning-and-tracking-app-sprint2)
2020-12-23 10:15:26,557 DEBUG com.capgemini.Technologylearningandtrackingappsprint2.TechnologyLearningAndTrackingAppSprint2Application [restartedMain] Running with Spring Boot v2.4.1, Spring v5.3.2
2020-12-23 10:15:26,558 INFO com.capgemini.Technologylearningandtrackingappsprint2.TechnologyLearningAndTrackingAppSprint2Application [restartedMain] No active profile set, falling back to default profiles: default
2020-12-23 10:15:26,783 INFO org.springframework.boot.devtools.env.DevToolsPropertyDefaultsPostProcessor [restartedMain] Devtools property defaults active! Set 'spring.devtools.add-properties' to 'false' to disable
2020-12-23 10:15:26,784 INFO org.springframework.boot.devtools.env.DevToolsPropertyDefaultsPostProcessor [restartedMain] For additional web related logging consider setting the 'logging.level.web' property to 'DEBUG'
2020-12-23 10:15:29,905 INFO org.springframework.data.repository.config.RepositoryConfigurationDelegate [restartedMain] Bootstrapping Spring Data JPA repositories in DEFAULT mode.
2020-12-23 10:15:30,070 INFO org.springframework.data.repository.config.RepositoryConfigurationDelegate [restartedMain] Finished Spring Data repository scanning in 138 ms. Found 4 JPA repository interfaces.
2020-12-23 10:15:34,762 INFO org.springframework.boot.web.embedded.tomcat.TomcatWebServer [restartedMain] Tomcat initialized with port(s): 8081 (http)
2020-12-23 10:15:34,825 INFO org.apache.coyote.http11.Http11NioProtocol [restartedMain] Initializing ProtocolHandler ["http-nio-8081"]
2020-12-23 10:15:34,834 INFO org.apache.catalina.core.StandardService [restartedMain] Starting service [Tomcat]
2020-12-23 10:15:34,835 INFO org.apache.catalina.core.StandardEngine [restartedMain] Starting Servlet engine: [Apache Tomcat/9.0.41]
2020-12-23 10:15:34,856 INFO org.apache.catalina.core.AprLifecycleListener [restartedMain] Loaded Apache Tomcat Native library [1.2.25] using APR version [1.7.0].
2020-12-23 10:15:34,857 INFO org.apache.catalina.core.AprLifecycleListener [restartedMain] APR capabilities: IPv6 [true], sendfile [true], accept filters [false], random [true].
2020-12-23 10:15:34,858 INFO org.apache.catalina.core.AprLifecycleListener [restartedMain] APR/OpenSSL configuration: useAprConnector [false], useOpenSSL [true]
2020-12-23 10:15:35,019 INFO org.apache.catalina.core.AprLifecycleListener [restartedMain] OpenSSL successfully initialized [OpenSSL 1.1.1g  21 Apr 2020]
2020-12-23 10:15:35,559 INFO org.apache.catalina.core.ContainerBase.[Tomcat].[localhost].[/springfox] [restartedMain] Initializing Spring embedded WebApplicationContext
2020-12-23 10:15:35,559 INFO org.springframework.boot.web.servlet.context.ServletWebServerApplicationContext [restartedMain] Root WebApplicationContext: initialization completed in 8774 ms
2020-12-23 10:15:37,197 INFO org.hibernate.jpa.internal.util.LogHelper [restartedMain] HHH000204: Processing PersistenceUnitInfo [name: default]
2020-12-23 10:15:37,487 INFO org.hibernate.Version [restartedMain] HHH000412: Hibernate ORM core version 5.4.25.Final
2020-12-23 10:15:38,518 INFO org.hibernate.annotations.common.Version [restartedMain] HCANN000001: Hibernate Commons Annotations {5.1.2.Final}
2020-12-23 10:15:39,220 INFO com.zaxxer.hikari.HikariDataSource [restartedMain] HikariPool-1 - Starting...
2020-12-23 10:15:41,240 INFO com.zaxxer.hikari.HikariDataSource [restartedMain] HikariPool-1 - Start completed.
2020-12-23 10:15:41,756 INFO org.hibernate.dialect.Dialect [restartedMain] HHH000400: Using dialect: org.hibernate.dialect.PostgreSQL10Dialect
2020-12-23 10:15:46,833 INFO org.hibernate.engine.transaction.jta.platform.internal.JtaPlatformInitiator [restartedMain] HHH000490: Using JtaPlatform implementation: [org.hibernate.engine.transaction.jta.platform.internal.NoJtaPlatform]
2020-12-23 10:15:46,882 INFO org.springframework.orm.jpa.LocalContainerEntityManagerFactoryBean [restartedMain] Initialized JPA EntityManagerFactory for persistence unit 'default'
2020-12-23 10:15:46,943 INFO org.springframework.boot.devtools.autoconfigure.OptionalLiveReloadServer [restartedMain] LiveReload server is running on port 35729
2020-12-23 10:15:50,389 WARN org.springframework.boot.autoconfigure.orm.jpa.JpaBaseConfiguration$JpaWebConfiguration [restartedMain] spring.jpa.open-in-view is enabled by default. Therefore, database queries may be performed during view rendering. Explicitly configure spring.jpa.open-in-view to disable this warning
2020-12-23 10:15:51,290 INFO org.springframework.boot.actuate.endpoint.web.EndpointLinksResolver [restartedMain] Exposing 2 endpoint(s) beneath base path '/actuator'
2020-12-23 10:15:53,022 INFO org.apache.coyote.http11.Http11NioProtocol [restartedMain] Starting ProtocolHandler ["http-nio-8081"]
2020-12-23 10:15:53,649 INFO org.springframework.boot.web.embedded.tomcat.TomcatWebServer [restartedMain] Tomcat started on port(s): 8081 (http) with context path '/springfox'
2020-12-23 10:15:54,562 INFO com.capgemini.Technologylearningandtrackingappsprint2.TechnologyLearningAndTrackingAppSprint2Application [restartedMain] Started TechnologyLearningAndTrackingAppSprint2Application in 28.951 seconds (JVM running for 30.391)
2020-12-23 10:17:34,689 INFO com.capgemini.Technologylearningandtrackingappsprint2.TechnologyLearningAndTrackingAppSprint2Application [restartedMain] Starting TechnologyLearningAndTrackingAppSprint2Application using Java 1.8.0_144 on DESKTOP-0QHGN6T with PID 9152 (C:\Users\user\git\Technology-learning-and-tracking-app-sprint2\target\classes started by user in C:\Users\user\git\Technology-learning-and-tracking-app-sprint2)
2020-12-23 10:17:34,696 DEBUG com.capgemini.Technologylearningandtrackingappsprint2.TechnologyLearningAndTrackingAppSprint2Application [restartedMain] Running with Spring Boot v2.4.1, Spring v5.3.2
2020-12-23 10:17:34,697 INFO com.capgemini.Technologylearningandtrackingappsprint2.TechnologyLearningAndTrackingAppSprint2Application [restartedMain] No active profile set, falling back to default profiles: default
2020-12-23 10:17:34,946 INFO org.springframework.boot.devtools.env.DevToolsPropertyDefaultsPostProcessor [restartedMain] Devtools property defaults active! Set 'spring.devtools.add-properties' to 'false' to disable
2020-12-23 10:17:34,947 INFO org.springframework.boot.devtools.env.DevToolsPropertyDefaultsPostProcessor [restartedMain] For additional web related logging consider setting the 'logging.level.web' property to 'DEBUG'
2020-12-23 10:17:39,069 INFO org.springframework.data.repository.config.RepositoryConfigurationDelegate [restartedMain] Bootstrapping Spring Data JPA repositories in DEFAULT mode.
2020-12-23 10:17:39,261 INFO org.springframework.data.repository.config.RepositoryConfigurationDelegate [restartedMain] Finished Spring Data repository scanning in 159 ms. Found 4 JPA repository interfaces.
2020-12-23 10:17:43,488 INFO org.springframework.boot.web.embedded.tomcat.TomcatWebServer [restartedMain] Tomcat initialized with port(s): 8081 (http)
2020-12-23 10:17:43,593 INFO org.apache.coyote.http11.Http11NioProtocol [restartedMain] Initializing ProtocolHandler ["http-nio-8081"]
2020-12-23 10:17:43,595 INFO org.apache.catalina.core.StandardService [restartedMain] Starting service [Tomcat]
2020-12-23 10:17:43,596 INFO org.apache.catalina.core.StandardEngine [restartedMain] Starting Servlet engine: [Apache Tomcat/9.0.41]
2020-12-23 10:17:43,606 INFO org.apache.catalina.core.AprLifecycleListener [restartedMain] Loaded Apache Tomcat Native library [1.2.25] using APR version [1.7.0].
2020-12-23 10:17:43,607 INFO org.apache.catalina.core.AprLifecycleListener [restartedMain] APR capabilities: IPv6 [true], sendfile [true], accept filters [false], random [true].
2020-12-23 10:17:43,608 INFO org.apache.catalina.core.AprLifecycleListener [restartedMain] APR/OpenSSL configuration: useAprConnector [false], useOpenSSL [true]
2020-12-23 10:17:43,618 INFO org.apache.catalina.core.AprLifecycleListener [restartedMain] OpenSSL successfully initialized [OpenSSL 1.1.1g  21 Apr 2020]
2020-12-23 10:17:44,033 INFO org.apache.catalina.core.ContainerBase.[Tomcat].[localhost].[/springfox] [restartedMain] Initializing Spring embedded WebApplicationContext
2020-12-23 10:17:44,034 INFO org.springframework.boot.web.servlet.context.ServletWebServerApplicationContext [restartedMain] Root WebApplicationContext: initialization completed in 9084 ms
2020-12-23 10:17:45,318 INFO org.hibernate.jpa.internal.util.LogHelper [restartedMain] HHH000204: Processing PersistenceUnitInfo [name: default]
2020-12-23 10:17:45,477 INFO org.hibernate.Version [restartedMain] HHH000412: Hibernate ORM core version 5.4.25.Final
2020-12-23 10:17:45,788 INFO org.hibernate.annotations.common.Version [restartedMain] HCANN000001: Hibernate Commons Annotations {5.1.2.Final}
2020-12-23 10:17:46,004 INFO com.zaxxer.hikari.HikariDataSource [restartedMain] HikariPool-1 - Starting...
2020-12-23 10:17:47,083 INFO com.zaxxer.hikari.HikariDataSource [restartedMain] HikariPool-1 - Start completed.
2020-12-23 10:17:47,203 INFO org.hibernate.dialect.Dialect [restartedMain] HHH000400: Using dialect: org.hibernate.dialect.PostgreSQL10Dialect
2020-12-23 10:17:50,751 INFO org.hibernate.engine.transaction.jta.platform.internal.JtaPlatformInitiator [restartedMain] HHH000490: Using JtaPlatform implementation: [org.hibernate.engine.transaction.jta.platform.internal.NoJtaPlatform]
2020-12-23 10:17:50,767 INFO org.springframework.orm.jpa.LocalContainerEntityManagerFactoryBean [restartedMain] Initialized JPA EntityManagerFactory for persistence unit 'default'
2020-12-23 10:17:50,804 INFO org.springframework.boot.devtools.autoconfigure.OptionalLiveReloadServer [restartedMain] LiveReload server is running on port 35729
2020-12-23 10:17:52,849 WARN org.springframework.boot.autoconfigure.orm.jpa.JpaBaseConfiguration$JpaWebConfiguration [restartedMain] spring.jpa.open-in-view is enabled by default. Therefore, database queries may be performed during view rendering. Explicitly configure spring.jpa.open-in-view to disable this warning
2020-12-23 10:17:53,392 INFO org.springframework.boot.actuate.endpoint.web.EndpointLinksResolver [restartedMain] Exposing 2 endpoint(s) beneath base path '/actuator'
2020-12-23 10:17:54,703 INFO org.apache.coyote.http11.Http11NioProtocol [restartedMain] Starting ProtocolHandler ["http-nio-8081"]
2020-12-23 10:17:54,754 INFO org.springframework.boot.web.embedded.tomcat.TomcatWebServer [restartedMain] Tomcat started on port(s): 8081 (http) with context path '/springfox'
2020-12-23 10:17:55,571 INFO com.capgemini.Technologylearningandtrackingappsprint2.TechnologyLearningAndTrackingAppSprint2Application [restartedMain] Started TechnologyLearningAndTrackingAppSprint2Application in 21.876 seconds (JVM running for 23.514)
2020-12-23 10:20:29,245 INFO org.apache.catalina.core.ContainerBase.[Tomcat].[localhost].[/springfox] [http-nio-8081-exec-2] Initializing Spring DispatcherServlet 'dispatcherServlet'
2020-12-23 10:20:29,246 INFO org.springframework.web.servlet.DispatcherServlet [http-nio-8081-exec-2] Initializing Servlet 'dispatcherServlet'
2020-12-23 10:20:29,250 INFO org.springframework.web.servlet.DispatcherServlet [http-nio-8081-exec-2] Completed initialization in 3 ms
2020-12-23 10:20:29,643 DEBUG com.capgemini.tlta.aspect.LoggerAspect [http-nio-8081-exec-2] Entering method : com.capgemini.tlta.controller.AssessmentActivityController.addAssessment() with argument[s] = [Assessment(id=null, assesment_name=Intemediate, assesment_type=null, assesment_release_date=null, assesment_time_duration=6.5)]
2020-12-23 10:20:30,136 INFO com.capgemini.tlta.aspect.LoggerAspect [http-nio-8081-exec-2] Adding one product
2020-12-23 10:20:30,137 DEBUG com.capgemini.tlta.aspect.LoggerAspect [http-nio-8081-exec-2] Exiting method: com.capgemini.tlta.controller.AssessmentActivityController.addAssessment() with result = assessment:Intemediate added to database
2020-12-23 10:25:51,061 WARN org.springframework.web.servlet.mvc.support.DefaultHandlerExceptionResolver [http-nio-8081-exec-5] Resolved [org.springframework.http.converter.HttpMessageNotReadableException: JSON parse error: Cannot deserialize value of type `java.util.Date` from String "2019/01/22": not a valid representation (error: Failed to parse Date value '2019/01/22': Cannot parse date "2019/01/22": not compatible with any of standard forms ("yyyy-MM-dd'T'HH:mm:ss.SSSX", "yyyy-MM-dd'T'HH:mm:ss.SSS", "EEE, dd MMM yyyy HH:mm:ss zzz", "yyyy-MM-dd")); nested exception is com.fasterxml.jackson.databind.exc.InvalidFormatException: Cannot deserialize value of type `java.util.Date` from String "2019/01/22": not a valid representation (error: Failed to parse Date value '2019/01/22': Cannot parse date "2019/01/22": not compatible with any of standard forms ("yyyy-MM-dd'T'HH:mm:ss.SSSX", "yyyy-MM-dd'T'HH:mm:ss.SSS", "EEE, dd MMM yyyy HH:mm:ss zzz", "yyyy-MM-dd"))
 at [Source: (PushbackInputStream); line: 5, column: 26] (through reference chain: com.capgemini.tlta.model.LearningActivity["activity_realsedate"])]
2020-12-23 10:29:02,100 WARN org.springframework.web.servlet.PageNotFound [http-nio-8081-exec-1] No mapping for GET /springfox/api/getlearningActivity/
2020-12-23 10:32:11,391 WARN org.springframework.web.servlet.mvc.support.DefaultHandlerExceptionResolver [http-nio-8081-exec-9] Resolved [org.springframework.web.HttpRequestMethodNotSupportedException: Request method 'DELETE' not supported]
2020-12-23 11:11:57,591 DEBUG com.capgemini.tlta.aspect.LoggerAspect [http-nio-8081-exec-7] Entering method : com.capgemini.tlta.controller.AssessmentActivityController.updateAssessment() with argument[s] = [Assessment(id=1, assesment_name=null, assesment_type=MCQs, assesment_release_date=Wed Jun 24 05:30:00 IST 2020, assesment_time_duration=12.5)]
2020-12-23 11:11:58,922 INFO com.capgemini.tlta.aspect.LoggerAspect [http-nio-8081-exec-7] Updating one product
2020-12-23 11:11:58,923 DEBUG com.capgemini.tlta.aspect.LoggerAspect [http-nio-8081-exec-7] Exiting method: com.capgemini.tlta.controller.AssessmentActivityController.updateAssessment() with result = <200 OK OK,Assessment(id=1, assesment_name=null, assesment_type=MCQs, assesment_release_date=Wed Jun 24 05:30:00 IST 2020, assesment_time_duration=12.5),[]>
2020-12-23 11:20:19,738 INFO org.springframework.orm.jpa.LocalContainerEntityManagerFactoryBean [Thread-6] Closing JPA EntityManagerFactory for persistence unit 'default'
2020-12-23 11:20:21,412 INFO com.zaxxer.hikari.HikariDataSource [Thread-6] HikariPool-1 - Shutdown initiated...
2020-12-23 11:20:21,984 INFO com.zaxxer.hikari.HikariDataSource [Thread-6] HikariPool-1 - Shutdown completed.
2020-12-23 11:20:34,597 INFO com.capgemini.Technologylearningandtrackingappsprint2.TechnologyLearningAndTrackingAppSprint2Application [restartedMain] Starting TechnologyLearningAndTrackingAppSprint2Application using Java 1.8.0_144 on DESKTOP-0QHGN6T with PID 9152 (C:\Users\user\git\Technology-learning-and-tracking-app-sprint2\target\classes started by user in C:\Users\user\git\Technology-learning-and-tracking-app-sprint2)
2020-12-23 11:20:34,597 DEBUG com.capgemini.Technologylearningandtrackingappsprint2.TechnologyLearningAndTrackingAppSprint2Application [restartedMain] Running with Spring Boot v2.4.1, Spring v5.3.2
2020-12-23 11:20:34,597 INFO com.capgemini.Technologylearningandtrackingappsprint2.TechnologyLearningAndTrackingAppSprint2Application [restartedMain] No active profile set, falling back to default profiles: default
2020-12-23 11:20:41,304 INFO org.springframework.data.repository.config.RepositoryConfigurationDelegate [restartedMain] Bootstrapping Spring Data JPA repositories in DEFAULT mode.
2020-12-23 11:20:41,428 INFO org.springframework.data.repository.config.RepositoryConfigurationDelegate [restartedMain] Finished Spring Data repository scanning in 123 ms. Found 4 JPA repository interfaces.
2020-12-23 11:20:47,769 INFO org.springframework.boot.web.embedded.tomcat.TomcatWebServer [restartedMain] Tomcat initialized with port(s): 8081 (http)
2020-12-23 11:20:47,770 INFO org.apache.coyote.http11.Http11NioProtocol [restartedMain] Initializing ProtocolHandler ["http-nio-8081"]
2020-12-23 11:20:47,771 INFO org.apache.catalina.core.StandardService [restartedMain] Starting service [Tomcat]
2020-12-23 11:20:47,772 INFO org.apache.catalina.core.StandardEngine [restartedMain] Starting Servlet engine: [Apache Tomcat/9.0.41]
2020-12-23 11:20:47,772 INFO org.apache.catalina.core.AprLifecycleListener [restartedMain] Loaded Apache Tomcat Native library [1.2.25] using APR version [1.7.0].
2020-12-23 11:20:47,773 INFO org.apache.catalina.core.AprLifecycleListener [restartedMain] APR capabilities: IPv6 [true], sendfile [true], accept filters [false], random [true].
2020-12-23 11:20:47,773 INFO org.apache.catalina.core.AprLifecycleListener [restartedMain] APR/OpenSSL configuration: useAprConnector [false], useOpenSSL [true]
2020-12-23 11:20:47,937 INFO org.apache.catalina.core.AprLifecycleListener [restartedMain] OpenSSL successfully initialized [OpenSSL 1.1.1g  21 Apr 2020]
2020-12-23 11:20:48,038 INFO org.apache.catalina.core.ContainerBase.[Tomcat].[localhost].[/springfox] [restartedMain] Initializing Spring embedded WebApplicationContext
2020-12-23 11:20:48,038 INFO org.springframework.boot.web.servlet.context.ServletWebServerApplicationContext [restartedMain] Root WebApplicationContext: initialization completed in 13190 ms
2020-12-23 11:20:48,390 INFO org.hibernate.jpa.internal.util.LogHelper [restartedMain] HHH000204: Processing PersistenceUnitInfo [name: default]
2020-12-23 11:20:48,409 INFO com.zaxxer.hikari.HikariDataSource [restartedMain] HikariPool-2 - Starting...
2020-12-23 11:20:48,580 INFO com.zaxxer.hikari.HikariDataSource [restartedMain] HikariPool-2 - Start completed.
2020-12-23 11:20:48,581 INFO org.hibernate.dialect.Dialect [restartedMain] HHH000400: Using dialect: org.hibernate.dialect.PostgreSQL10Dialect
2020-12-23 11:20:52,556 INFO org.hibernate.engine.transaction.jta.platform.internal.JtaPlatformInitiator [restartedMain] HHH000490: Using JtaPlatform implementation: [org.hibernate.engine.transaction.jta.platform.internal.NoJtaPlatform]
2020-12-23 11:20:52,557 INFO org.springframework.orm.jpa.LocalContainerEntityManagerFactoryBean [restartedMain] Initialized JPA EntityManagerFactory for persistence unit 'default'
2020-12-23 11:20:52,615 INFO org.springframework.boot.devtools.autoconfigure.OptionalLiveReloadServer [restartedMain] LiveReload server is running on port 35729
2020-12-23 11:20:53,741 WARN org.springframework.boot.autoconfigure.orm.jpa.JpaBaseConfiguration$JpaWebConfiguration [restartedMain] spring.jpa.open-in-view is enabled by default. Therefore, database queries may be performed during view rendering. Explicitly configure spring.jpa.open-in-view to disable this warning
2020-12-23 11:20:53,996 INFO org.springframework.boot.actuate.endpoint.web.EndpointLinksResolver [restartedMain] Exposing 2 endpoint(s) beneath base path '/actuator'
2020-12-23 11:20:54,930 INFO org.apache.coyote.http11.Http11NioProtocol [restartedMain] Starting ProtocolHandler ["http-nio-8081"]
2020-12-23 11:20:54,936 INFO org.springframework.boot.web.embedded.tomcat.TomcatWebServer [restartedMain] Tomcat started on port(s): 8081 (http) with context path '/springfox'
2020-12-23 11:20:55,341 INFO com.capgemini.Technologylearningandtrackingappsprint2.TechnologyLearningAndTrackingAppSprint2Application [restartedMain] Started TechnologyLearningAndTrackingAppSprint2Application in 21.842 seconds (JVM running for 3803.284)
2020-12-23 11:20:55,352 INFO org.springframework.boot.devtools.autoconfigure.ConditionEvaluationDeltaLoggingListener [restartedMain] Condition evaluation unchanged
2020-12-23 11:20:56,777 INFO org.springframework.orm.jpa.LocalContainerEntityManagerFactoryBean [Thread-11] Closing JPA EntityManagerFactory for persistence unit 'default'
2020-12-23 11:20:56,779 INFO com.zaxxer.hikari.HikariDataSource [Thread-11] HikariPool-2 - Shutdown initiated...
2020-12-23 11:20:56,807 INFO com.zaxxer.hikari.HikariDataSource [Thread-11] HikariPool-2 - Shutdown completed.
2020-12-23 11:20:57,287 INFO com.capgemini.Technologylearningandtrackingappsprint2.TechnologyLearningAndTrackingAppSprint2Application [restartedMain] Starting TechnologyLearningAndTrackingAppSprint2Application using Java 1.8.0_144 on DESKTOP-0QHGN6T with PID 9152 (C:\Users\user\git\Technology-learning-and-tracking-app-sprint2\target\classes started by user in C:\Users\user\git\Technology-learning-and-tracking-app-sprint2)
2020-12-23 11:20:57,288 DEBUG com.capgemini.Technologylearningandtrackingappsprint2.TechnologyLearningAndTrackingAppSprint2Application [restartedMain] Running with Spring Boot v2.4.1, Spring v5.3.2
2020-12-23 11:20:57,289 INFO com.capgemini.Technologylearningandtrackingappsprint2.TechnologyLearningAndTrackingAppSprint2Application [restartedMain] No active profile set, falling back to default profiles: default
2020-12-23 11:20:58,198 INFO org.springframework.data.repository.config.RepositoryConfigurationDelegate [restartedMain] Bootstrapping Spring Data JPA repositories in DEFAULT mode.
2020-12-23 11:20:58,265 INFO org.springframework.data.repository.config.RepositoryConfigurationDelegate [restartedMain] Finished Spring Data repository scanning in 65 ms. Found 4 JPA repository interfaces.
2020-12-23 11:20:58,756 INFO org.springframework.boot.web.embedded.tomcat.TomcatWebServer [restartedMain] Tomcat initialized with port(s): 8081 (http)
2020-12-23 11:20:58,758 INFO org.apache.coyote.http11.Http11NioProtocol [restartedMain] Initializing ProtocolHandler ["http-nio-8081"]
2020-12-23 11:20:58,759 INFO org.apache.catalina.core.StandardService [restartedMain] Starting service [Tomcat]
2020-12-23 11:20:58,760 INFO org.apache.catalina.core.StandardEngine [restartedMain] Starting Servlet engine: [Apache Tomcat/9.0.41]
2020-12-23 11:20:58,761 INFO org.apache.catalina.core.AprLifecycleListener [restartedMain] Loaded Apache Tomcat Native library [1.2.25] using APR version [1.7.0].
2020-12-23 11:20:58,761 INFO org.apache.catalina.core.AprLifecycleListener [restartedMain] APR capabilities: IPv6 [true], sendfile [true], accept filters [false], random [true].
2020-12-23 11:20:58,761 INFO org.apache.catalina.core.AprLifecycleListener [restartedMain] APR/OpenSSL configuration: useAprConnector [false], useOpenSSL [true]
2020-12-23 11:20:58,762 INFO org.apache.catalina.core.AprLifecycleListener [restartedMain] OpenSSL successfully initialized [OpenSSL 1.1.1g  21 Apr 2020]
2020-12-23 11:20:58,893 INFO org.apache.catalina.core.ContainerBase.[Tomcat].[localhost].[/springfox] [restartedMain] Initializing Spring embedded WebApplicationContext
2020-12-23 11:20:58,893 INFO org.springframework.boot.web.servlet.context.ServletWebServerApplicationContext [restartedMain] Root WebApplicationContext: initialization completed in 1572 ms
2020-12-23 11:20:59,409 INFO org.hibernate.jpa.internal.util.LogHelper [restartedMain] HHH000204: Processing PersistenceUnitInfo [name: default]
2020-12-23 11:20:59,420 INFO com.zaxxer.hikari.HikariDataSource [restartedMain] HikariPool-3 - Starting...
2020-12-23 11:20:59,579 INFO com.zaxxer.hikari.HikariDataSource [restartedMain] HikariPool-3 - Start completed.
2020-12-23 11:20:59,580 INFO org.hibernate.dialect.Dialect [restartedMain] HHH000400: Using dialect: org.hibernate.dialect.PostgreSQL10Dialect
2020-12-23 11:21:02,300 INFO org.hibernate.engine.transaction.jta.platform.internal.JtaPlatformInitiator [restartedMain] HHH000490: Using JtaPlatform implementation: [org.hibernate.engine.transaction.jta.platform.internal.NoJtaPlatform]
2020-12-23 11:21:02,301 INFO org.springframework.orm.jpa.LocalContainerEntityManagerFactoryBean [restartedMain] Initialized JPA EntityManagerFactory for persistence unit 'default'
2020-12-23 11:21:02,328 INFO org.springframework.boot.devtools.autoconfigure.OptionalLiveReloadServer [restartedMain] LiveReload server is running on port 35729
2020-12-23 11:21:03,133 WARN org.springframework.boot.autoconfigure.orm.jpa.JpaBaseConfiguration$JpaWebConfiguration [restartedMain] spring.jpa.open-in-view is enabled by default. Therefore, database queries may be performed during view rendering. Explicitly configure spring.jpa.open-in-view to disable this warning
2020-12-23 11:21:03,290 INFO org.springframework.boot.actuate.endpoint.web.EndpointLinksResolver [restartedMain] Exposing 2 endpoint(s) beneath base path '/actuator'
2020-12-23 11:21:03,596 INFO org.apache.coyote.http11.Http11NioProtocol [restartedMain] Starting ProtocolHandler ["http-nio-8081"]
2020-12-23 11:21:03,603 INFO org.springframework.boot.web.embedded.tomcat.TomcatWebServer [restartedMain] Tomcat started on port(s): 8081 (http) with context path '/springfox'
2020-12-23 11:21:03,778 INFO com.capgemini.Technologylearningandtrackingappsprint2.TechnologyLearningAndTrackingAppSprint2Application [restartedMain] Started TechnologyLearningAndTrackingAppSprint2Application in 6.592 seconds (JVM running for 3811.721)
2020-12-23 11:21:03,783 INFO org.springframework.boot.devtools.autoconfigure.ConditionEvaluationDeltaLoggingListener [restartedMain] Condition evaluation unchanged
2020-12-23 11:25:44,468 INFO org.springframework.orm.jpa.LocalContainerEntityManagerFactoryBean [Thread-17] Closing JPA EntityManagerFactory for persistence unit 'default'
2020-12-23 11:25:44,471 INFO com.zaxxer.hikari.HikariDataSource [Thread-17] HikariPool-3 - Shutdown initiated...
2020-12-23 11:25:44,484 INFO com.zaxxer.hikari.HikariDataSource [Thread-17] HikariPool-3 - Shutdown completed.
2020-12-23 11:25:44,997 INFO com.capgemini.Technologylearningandtrackingappsprint2.TechnologyLearningAndTrackingAppSprint2Application [restartedMain] Starting TechnologyLearningAndTrackingAppSprint2Application using Java 1.8.0_144 on DESKTOP-0QHGN6T with PID 9152 (C:\Users\user\git\Technology-learning-and-tracking-app-sprint2\target\classes started by user in C:\Users\user\git\Technology-learning-and-tracking-app-sprint2)
2020-12-23 11:25:44,998 DEBUG com.capgemini.Technologylearningandtrackingappsprint2.TechnologyLearningAndTrackingAppSprint2Application [restartedMain] Running with Spring Boot v2.4.1, Spring v5.3.2
2020-12-23 11:25:44,998 INFO com.capgemini.Technologylearningandtrackingappsprint2.TechnologyLearningAndTrackingAppSprint2Application [restartedMain] No active profile set, falling back to default profiles: default
2020-12-23 11:25:46,399 INFO org.springframework.data.repository.config.RepositoryConfigurationDelegate [restartedMain] Bootstrapping Spring Data JPA repositories in DEFAULT mode.
2020-12-23 11:25:46,439 INFO org.springframework.data.repository.config.RepositoryConfigurationDelegate [restartedMain] Finished Spring Data repository scanning in 39 ms. Found 4 JPA repository interfaces.
2020-12-23 11:25:46,832 INFO org.springframework.boot.web.embedded.tomcat.TomcatWebServer [restartedMain] Tomcat initialized with port(s): 8081 (http)
2020-12-23 11:25:46,832 INFO org.apache.coyote.http11.Http11NioProtocol [restartedMain] Initializing ProtocolHandler ["http-nio-8081"]
2020-12-23 11:25:46,832 INFO org.apache.catalina.core.StandardService [restartedMain] Starting service [Tomcat]
2020-12-23 11:25:46,833 INFO org.apache.catalina.core.StandardEngine [restartedMain] Starting Servlet engine: [Apache Tomcat/9.0.41]
2020-12-23 11:25:46,833 INFO org.apache.catalina.core.AprLifecycleListener [restartedMain] Loaded Apache Tomcat Native library [1.2.25] using APR version [1.7.0].
2020-12-23 11:25:46,833 INFO org.apache.catalina.core.AprLifecycleListener [restartedMain] APR capabilities: IPv6 [true], sendfile [true], accept filters [false], random [true].
2020-12-23 11:25:46,833 INFO org.apache.catalina.core.AprLifecycleListener [restartedMain] APR/OpenSSL configuration: useAprConnector [false], useOpenSSL [true]
2020-12-23 11:25:46,834 INFO org.apache.catalina.core.AprLifecycleListener [restartedMain] OpenSSL successfully initialized [OpenSSL 1.1.1g  21 Apr 2020]
2020-12-23 11:25:46,897 INFO org.apache.catalina.core.ContainerBase.[Tomcat].[localhost].[/springfox] [restartedMain] Initializing Spring embedded WebApplicationContext
2020-12-23 11:25:46,897 INFO org.springframework.boot.web.servlet.context.ServletWebServerApplicationContext [restartedMain] Root WebApplicationContext: initialization completed in 1887 ms
2020-12-23 11:25:47,044 INFO org.hibernate.jpa.internal.util.LogHelper [restartedMain] HHH000204: Processing PersistenceUnitInfo [name: default]
2020-12-23 11:25:47,068 INFO com.zaxxer.hikari.HikariDataSource [restartedMain] HikariPool-4 - Starting...
2020-12-23 11:25:47,293 INFO com.zaxxer.hikari.HikariDataSource [restartedMain] HikariPool-4 - Start completed.
2020-12-23 11:25:47,293 INFO org.hibernate.dialect.Dialect [restartedMain] HHH000400: Using dialect: org.hibernate.dialect.PostgreSQL10Dialect
2020-12-23 11:25:49,606 INFO org.hibernate.engine.transaction.jta.platform.internal.JtaPlatformInitiator [restartedMain] HHH000490: Using JtaPlatform implementation: [org.hibernate.engine.transaction.jta.platform.internal.NoJtaPlatform]
2020-12-23 11:25:49,607 INFO org.springframework.orm.jpa.LocalContainerEntityManagerFactoryBean [restartedMain] Initialized JPA EntityManagerFactory for persistence unit 'default'
2020-12-23 11:25:49,630 INFO org.springframework.boot.devtools.autoconfigure.OptionalLiveReloadServer [restartedMain] LiveReload server is running on port 35729
2020-12-23 11:25:50,065 WARN org.springframework.boot.autoconfigure.orm.jpa.JpaBaseConfiguration$JpaWebConfiguration [restartedMain] spring.jpa.open-in-view is enabled by default. Therefore, database queries may be performed during view rendering. Explicitly configure spring.jpa.open-in-view to disable this warning
2020-12-23 11:25:50,195 INFO org.springframework.boot.actuate.endpoint.web.EndpointLinksResolver [restartedMain] Exposing 2 endpoint(s) beneath base path '/actuator'
2020-12-23 11:25:50,489 INFO org.apache.coyote.http11.Http11NioProtocol [restartedMain] Starting ProtocolHandler ["http-nio-8081"]
2020-12-23 11:25:50,494 INFO org.springframework.boot.web.embedded.tomcat.TomcatWebServer [restartedMain] Tomcat started on port(s): 8081 (http) with context path '/springfox'
2020-12-23 11:25:50,754 INFO com.capgemini.Technologylearningandtrackingappsprint2.TechnologyLearningAndTrackingAppSprint2Application [restartedMain] Started TechnologyLearningAndTrackingAppSprint2Application in 5.866 seconds (JVM running for 4098.697)
2020-12-23 11:25:50,760 INFO org.springframework.boot.devtools.autoconfigure.ConditionEvaluationDeltaLoggingListener [restartedMain] Condition evaluation unchanged
2020-12-23 11:27:01,695 INFO org.springframework.orm.jpa.LocalContainerEntityManagerFactoryBean [Thread-23] Closing JPA EntityManagerFactory for persistence unit 'default'
2020-12-23 11:27:01,708 INFO com.zaxxer.hikari.HikariDataSource [Thread-23] HikariPool-4 - Shutdown initiated...
2020-12-23 11:27:01,730 INFO com.zaxxer.hikari.HikariDataSource [Thread-23] HikariPool-4 - Shutdown completed.
2020-12-23 11:27:02,193 INFO com.capgemini.Technologylearningandtrackingappsprint2.TechnologyLearningAndTrackingAppSprint2Application [restartedMain] Starting TechnologyLearningAndTrackingAppSprint2Application using Java 1.8.0_144 on DESKTOP-0QHGN6T with PID 9152 (C:\Users\user\git\Technology-learning-and-tracking-app-sprint2\target\classes started by user in C:\Users\user\git\Technology-learning-and-tracking-app-sprint2)
2020-12-23 11:27:02,194 DEBUG com.capgemini.Technologylearningandtrackingappsprint2.TechnologyLearningAndTrackingAppSprint2Application [restartedMain] Running with Spring Boot v2.4.1, Spring v5.3.2
2020-12-23 11:27:02,195 INFO com.capgemini.Technologylearningandtrackingappsprint2.TechnologyLearningAndTrackingAppSprint2Application [restartedMain] No active profile set, falling back to default profiles: default
2020-12-23 11:27:03,267 INFO org.springframework.data.repository.config.RepositoryConfigurationDelegate [restartedMain] Bootstrapping Spring Data JPA repositories in DEFAULT mode.
2020-12-23 11:27:03,302 INFO org.springframework.data.repository.config.RepositoryConfigurationDelegate [restartedMain] Finished Spring Data repository scanning in 34 ms. Found 4 JPA repository interfaces.
2020-12-23 11:27:03,886 INFO org.springframework.boot.web.embedded.tomcat.TomcatWebServer [restartedMain] Tomcat initialized with port(s): 8081 (http)
2020-12-23 11:27:03,887 INFO org.apache.coyote.http11.Http11NioProtocol [restartedMain] Initializing ProtocolHandler ["http-nio-8081"]
2020-12-23 11:27:03,889 INFO org.apache.catalina.core.StandardService [restartedMain] Starting service [Tomcat]
2020-12-23 11:27:03,890 INFO org.apache.catalina.core.StandardEngine [restartedMain] Starting Servlet engine: [Apache Tomcat/9.0.41]
2020-12-23 11:27:03,891 INFO org.apache.catalina.core.AprLifecycleListener [restartedMain] Loaded Apache Tomcat Native library [1.2.25] using APR version [1.7.0].
2020-12-23 11:27:03,891 INFO org.apache.catalina.core.AprLifecycleListener [restartedMain] APR capabilities: IPv6 [true], sendfile [true], accept filters [false], random [true].
2020-12-23 11:27:03,891 INFO org.apache.catalina.core.AprLifecycleListener [restartedMain] APR/OpenSSL configuration: useAprConnector [false], useOpenSSL [true]
2020-12-23 11:27:03,892 INFO org.apache.catalina.core.AprLifecycleListener [restartedMain] OpenSSL successfully initialized [OpenSSL 1.1.1g  21 Apr 2020]
2020-12-23 11:27:03,941 INFO org.apache.catalina.core.ContainerBase.[Tomcat].[localhost].[/springfox] [restartedMain] Initializing Spring embedded WebApplicationContext
2020-12-23 11:27:03,941 INFO org.springframework.boot.web.servlet.context.ServletWebServerApplicationContext [restartedMain] Root WebApplicationContext: initialization completed in 1737 ms
2020-12-23 11:27:04,046 INFO org.hibernate.jpa.internal.util.LogHelper [restartedMain] HHH000204: Processing PersistenceUnitInfo [name: default]
2020-12-23 11:27:04,054 INFO com.zaxxer.hikari.HikariDataSource [restartedMain] HikariPool-5 - Starting...
2020-12-23 11:27:04,131 INFO com.zaxxer.hikari.HikariDataSource [restartedMain] HikariPool-5 - Start completed.
2020-12-23 11:27:04,132 INFO org.hibernate.dialect.Dialect [restartedMain] HHH000400: Using dialect: org.hibernate.dialect.PostgreSQL10Dialect
2020-12-23 11:27:06,214 INFO org.hibernate.engine.transaction.jta.platform.internal.JtaPlatformInitiator [restartedMain] HHH000490: Using JtaPlatform implementation: [org.hibernate.engine.transaction.jta.platform.internal.NoJtaPlatform]
2020-12-23 11:27:06,215 INFO org.springframework.orm.jpa.LocalContainerEntityManagerFactoryBean [restartedMain] Initialized JPA EntityManagerFactory for persistence unit 'default'
2020-12-23 11:27:06,225 INFO org.springframework.boot.devtools.autoconfigure.OptionalLiveReloadServer [restartedMain] LiveReload server is running on port 35729
2020-12-23 11:27:06,520 WARN org.springframework.boot.autoconfigure.orm.jpa.JpaBaseConfiguration$JpaWebConfiguration [restartedMain] spring.jpa.open-in-view is enabled by default. Therefore, database queries may be performed during view rendering. Explicitly configure spring.jpa.open-in-view to disable this warning
2020-12-23 11:27:06,898 INFO org.springframework.boot.actuate.endpoint.web.EndpointLinksResolver [restartedMain] Exposing 2 endpoint(s) beneath base path '/actuator'
2020-12-23 11:27:07,331 INFO org.apache.coyote.http11.Http11NioProtocol [restartedMain] Starting ProtocolHandler ["http-nio-8081"]
2020-12-23 11:27:07,335 INFO org.springframework.boot.web.embedded.tomcat.TomcatWebServer [restartedMain] Tomcat started on port(s): 8081 (http) with context path '/springfox'
2020-12-23 11:27:07,528 INFO com.capgemini.Technologylearningandtrackingappsprint2.TechnologyLearningAndTrackingAppSprint2Application [restartedMain] Started TechnologyLearningAndTrackingAppSprint2Application in 5.428 seconds (JVM running for 4175.471)
2020-12-23 11:27:07,532 INFO org.springframework.boot.devtools.autoconfigure.ConditionEvaluationDeltaLoggingListener [restartedMain] Condition evaluation unchanged
2020-12-23 11:27:42,686 INFO org.apache.catalina.core.ContainerBase.[Tomcat].[localhost].[/springfox] [http-nio-8081-exec-2] Initializing Spring DispatcherServlet 'dispatcherServlet'
2020-12-23 11:27:42,688 INFO org.springframework.web.servlet.DispatcherServlet [http-nio-8081-exec-2] Initializing Servlet 'dispatcherServlet'
2020-12-23 11:27:42,691 INFO org.springframework.web.servlet.DispatcherServlet [http-nio-8081-exec-2] Completed initialization in 3 ms
2020-12-23 11:27:42,712 WARN org.springframework.web.servlet.mvc.support.DefaultHandlerExceptionResolver [http-nio-8081-exec-2] Resolved [org.springframework.web.HttpRequestMethodNotSupportedException: Request method 'POST' not supported]
2020-12-23 11:28:35,019 INFO org.springframework.orm.jpa.LocalContainerEntityManagerFactoryBean [Thread-29] Closing JPA EntityManagerFactory for persistence unit 'default'
2020-12-23 11:28:35,021 INFO com.zaxxer.hikari.HikariDataSource [Thread-29] HikariPool-5 - Shutdown initiated...
2020-12-23 11:28:35,092 INFO com.zaxxer.hikari.HikariDataSource [Thread-29] HikariPool-5 - Shutdown completed.
2020-12-23 11:28:36,105 INFO com.capgemini.Technologylearningandtrackingappsprint2.TechnologyLearningAndTrackingAppSprint2Application [restartedMain] Starting TechnologyLearningAndTrackingAppSprint2Application using Java 1.8.0_144 on DESKTOP-0QHGN6T with PID 9152 (C:\Users\user\git\Technology-learning-and-tracking-app-sprint2\target\classes started by user in C:\Users\user\git\Technology-learning-and-tracking-app-sprint2)
2020-12-23 11:28:36,105 DEBUG com.capgemini.Technologylearningandtrackingappsprint2.TechnologyLearningAndTrackingAppSprint2Application [restartedMain] Running with Spring Boot v2.4.1, Spring v5.3.2
2020-12-23 11:28:36,105 INFO com.capgemini.Technologylearningandtrackingappsprint2.TechnologyLearningAndTrackingAppSprint2Application [restartedMain] No active profile set, falling back to default profiles: default
2020-12-23 11:28:38,263 INFO org.springframework.data.repository.config.RepositoryConfigurationDelegate [restartedMain] Bootstrapping Spring Data JPA repositories in DEFAULT mode.
2020-12-23 11:28:38,298 INFO org.springframework.data.repository.config.RepositoryConfigurationDelegate [restartedMain] Finished Spring Data repository scanning in 34 ms. Found 4 JPA repository interfaces.
2020-12-23 11:28:38,632 INFO org.springframework.boot.web.embedded.tomcat.TomcatWebServer [restartedMain] Tomcat initialized with port(s): 8081 (http)
2020-12-23 11:28:38,633 INFO org.apache.coyote.http11.Http11NioProtocol [restartedMain] Initializing ProtocolHandler ["http-nio-8081"]
2020-12-23 11:28:38,633 INFO org.apache.catalina.core.StandardService [restartedMain] Starting service [Tomcat]
2020-12-23 11:28:38,634 INFO org.apache.catalina.core.StandardEngine [restartedMain] Starting Servlet engine: [Apache Tomcat/9.0.41]
2020-12-23 11:28:38,634 INFO org.apache.catalina.core.AprLifecycleListener [restartedMain] Loaded Apache Tomcat Native library [1.2.25] using APR version [1.7.0].
2020-12-23 11:28:38,634 INFO org.apache.catalina.core.AprLifecycleListener [restartedMain] APR capabilities: IPv6 [true], sendfile [true], accept filters [false], random [true].
2020-12-23 11:28:38,634 INFO org.apache.catalina.core.AprLifecycleListener [restartedMain] APR/OpenSSL configuration: useAprConnector [false], useOpenSSL [true]
2020-12-23 11:28:38,635 INFO org.apache.catalina.core.AprLifecycleListener [restartedMain] OpenSSL successfully initialized [OpenSSL 1.1.1g  21 Apr 2020]
2020-12-23 11:28:38,823 INFO org.apache.catalina.core.ContainerBase.[Tomcat].[localhost].[/springfox] [restartedMain] Initializing Spring embedded WebApplicationContext
2020-12-23 11:28:38,823 INFO org.springframework.boot.web.servlet.context.ServletWebServerApplicationContext [restartedMain] Root WebApplicationContext: initialization completed in 2713 ms
2020-12-23 11:28:39,039 INFO org.hibernate.jpa.internal.util.LogHelper [restartedMain] HHH000204: Processing PersistenceUnitInfo [name: default]
2020-12-23 11:28:39,046 INFO com.zaxxer.hikari.HikariDataSource [restartedMain] HikariPool-6 - Starting...
2020-12-23 11:28:39,536 INFO com.zaxxer.hikari.HikariDataSource [restartedMain] HikariPool-6 - Start completed.
2020-12-23 11:28:39,536 INFO org.hibernate.dialect.Dialect [restartedMain] HHH000400: Using dialect: org.hibernate.dialect.PostgreSQL10Dialect
2020-12-23 11:28:42,269 INFO org.hibernate.engine.transaction.jta.platform.internal.JtaPlatformInitiator [restartedMain] HHH000490: Using JtaPlatform implementation: [org.hibernate.engine.transaction.jta.platform.internal.NoJtaPlatform]
2020-12-23 11:28:42,270 INFO org.springframework.orm.jpa.LocalContainerEntityManagerFactoryBean [restartedMain] Initialized JPA EntityManagerFactory for persistence unit 'default'
2020-12-23 11:28:42,282 INFO org.springframework.boot.devtools.autoconfigure.OptionalLiveReloadServer [restartedMain] LiveReload server is running on port 35729
2020-12-23 11:28:42,675 WARN org.springframework.boot.autoconfigure.orm.jpa.JpaBaseConfiguration$JpaWebConfiguration [restartedMain] spring.jpa.open-in-view is enabled by default. Therefore, database queries may be performed during view rendering. Explicitly configure spring.jpa.open-in-view to disable this warning
2020-12-23 11:28:42,813 INFO org.springframework.boot.actuate.endpoint.web.EndpointLinksResolver [restartedMain] Exposing 2 endpoint(s) beneath base path '/actuator'
2020-12-23 11:28:43,021 INFO org.apache.coyote.http11.Http11NioProtocol [restartedMain] Starting ProtocolHandler ["http-nio-8081"]
2020-12-23 11:28:43,026 INFO org.springframework.boot.web.embedded.tomcat.TomcatWebServer [restartedMain] Tomcat started on port(s): 8081 (http) with context path '/springfox'
2020-12-23 11:28:43,245 INFO com.capgemini.Technologylearningandtrackingappsprint2.TechnologyLearningAndTrackingAppSprint2Application [restartedMain] Started TechnologyLearningAndTrackingAppSprint2Application in 7.347 seconds (JVM running for 4271.187)
2020-12-23 11:28:43,263 INFO org.springframework.boot.devtools.autoconfigure.ConditionEvaluationDeltaLoggingListener [restartedMain] Condition evaluation unchanged
2020-12-23 11:28:46,479 INFO org.apache.catalina.core.ContainerBase.[Tomcat].[localhost].[/springfox] [http-nio-8081-exec-2] Initializing Spring DispatcherServlet 'dispatcherServlet'
2020-12-23 11:28:46,481 INFO org.springframework.web.servlet.DispatcherServlet [http-nio-8081-exec-2] Initializing Servlet 'dispatcherServlet'
2020-12-23 11:28:46,483 INFO org.springframework.web.servlet.DispatcherServlet [http-nio-8081-exec-2] Completed initialization in 2 ms
2020-12-23 11:28:46,705 WARN org.springframework.web.servlet.mvc.support.DefaultHandlerExceptionResolver [http-nio-8081-exec-2] Resolved [org.springframework.http.converter.HttpMessageNotReadableException: JSON parse error: Cannot deserialize instance of `java.util.HashSet<com.capgemini.tlta.model.UserActivity>` out of VALUE_STRING token; nested exception is com.fasterxml.jackson.databind.exc.MismatchedInputException: Cannot deserialize instance of `java.util.HashSet<com.capgemini.tlta.model.UserActivity>` out of VALUE_STRING token
 at [Source: (PushbackInputStream); line: 8, column: 25] (through reference chain: com.capgemini.tlta.model.LearningActivity["userActivity"])]
